<?xml version="1.0" encoding="UTF-8"?>
<!-- Generated by org.testng.reporters.JUnitReportReporter -->
<testsuite skipped="0" hostname="1400302-PC4" name="com.yiibai.springmvc.test.testcase.TestCaseLaunchApiController" tests="1" failures="0" timestamp="29 九月 2018 02:18:53 GMT" time="0.074" errors="0">
  <testcase name="getSecond" time="0.074" classname="com.yiibai.springmvc.test.testcase.TestCaseLaunchApiController"/>
</testsuite> <!-- com.yiibai.springmvc.test.testcase.TestCaseLaunchApiController -->
